<?xml version="1.0" encoding="UTF-8"?>
<testsuite xmlns:xsi="http://www.w3.org/2001/XMLSchema-instance" xsi:noNamespaceSchemaLocation="https://maven.apache.org/surefire/maven-surefire-plugin/xsd/surefire-test-report.xsd" name="service.LoginServiceTest" time="0.083" tests="2" errors="0" skipped="0" failures="0">
  <properties>
[...]
</properties>
  <testcase name="correctLogin" classname="service.LoginServiceTest" time="0.047"/>
  <testcase name="incorrectLogin" classname="service.LoginServiceTest" time="0.035"/>
</testsuite>